[I 240604 17:05:04 main:74] Start Game
[I 240604 17:05:04 main:104] Portail Game
[W 240604 17:05:06 firestore:92] Connection token not found
[W 240604 17:05:06 firestore:92] Connection token not found
[W 240604 17:05:07 firestore:92] Connection token not found
[I 240604 17:05:09 main:74] Start Game
[I 240604 17:05:09 main:95] Duo Game
[W 240604 17:05:10 firestore:38] Connection token not found
[I 240604 17:05:13 main:74] Start Game
[I 240604 17:05:14 main:104] Portail Game
[I 240604 17:05:15 main:74] Start Game
[I 240604 17:05:15 main:85] Solo Game
[I 240604 21:09:00 main:78] Home display
[I 240604 21:09:01 main:92] Start Game
[I 240604 21:09:02 main:107] Solo Game
[E 240604 21:09:03 solo:41] Play Solo Game
[I 240604 21:09:03 main:148] Start Solo Game
[I 240604 21:09:13 solo:77] End quiz, score player: 0 (0)
[I 240604 21:09:16 main:92] Start Game
[I 240604 21:09:17 main:107] Solo Game
[E 240604 21:09:18 solo:41] Play Solo Game
[I 240604 21:09:18 main:148] Start Solo Game
[I 240604 21:15:46 main:78] Home display
[I 240604 21:15:46 main:92] Start Game
[I 240604 21:15:47 main:107] Solo Game
[E 240604 21:15:52 solo:41] Play Solo Game
[I 240604 21:15:52 main:148] Start Solo Game
[I 240604 21:16:16 solo:77] End quiz, score player: 0 (0)
[I 240604 21:16:17 main:92] Start Game
[I 240604 21:16:18 main:107] Solo Game
[E 240604 21:16:19 solo:41] Play Solo Game
[I 240604 21:16:19 main:148] Start Solo Game
[I 240604 21:16:30 solo:77] End quiz, score player: 0 (0)
[I 240604 21:16:32 main:92] Start Game
[I 240604 21:16:33 main:107] Solo Game
[E 240604 21:16:33 solo:41] Play Solo Game
[I 240604 21:16:33 main:148] Start Solo Game
[I 240604 21:20:20 main:78] Home display
[I 240604 21:20:20 main:92] Start Game
[I 240604 21:20:20 main:107] Solo Game
[E 240604 21:20:22 solo:41] Play Solo Game
[I 240604 21:20:22 main:148] Start Solo Game
[I 240604 21:33:42 main:78] Home display
[I 240604 21:33:48 main:92] Start Game
[I 240604 21:33:50 main:107] Solo Game
[E 240604 21:33:51 solo:41] Play Solo Game
[I 240604 21:33:52 main:148] Start Solo Game
[I 240604 21:35:08 solo:77] End quiz, score player: 0 (0)
[I 240604 21:45:20 main:78] Home display
[I 240604 21:46:11 main:92] Start Game
[I 240604 21:46:52 main:107] Solo Game
[I 240604 21:47:11 main:92] Start Game
[I 240604 21:47:11 main:134] Portail Game
[I 240604 21:47:26 main:92] Start Game
[I 240604 21:47:27 main:121] Duo Game
[I 240604 21:51:13 main:78] Home display
[I 240604 21:51:20 main:78] Home display
[I 240604 21:51:27 main:92] Start Game
[I 240604 21:51:27 main:92] Start Game
[I 240604 21:51:28 main:121] Duo Game
[I 240604 21:51:28 main:121] Duo Game
[E 240604 21:51:44 duo:42] Play Duo Game
[I 240604 21:51:44 main:161] Start Duo Game
[E 240604 21:51:45 duo:42] Play Duo Game
[I 240604 21:51:45 main:161] Start Duo Game
[I 240604 21:52:59 main:78] Home display
[I 240604 21:53:15 main:92] Start Game
[I 240604 21:53:16 main:107] Solo Game
[E 240604 21:53:16 solo:41] Play Solo Game
[I 240604 21:53:16 main:148] Start Solo Game
[I 240604 21:53:18 solo:77] End quiz, score player: 0 (0)
[I 240604 22:01:23 main:78] Home display
[I 240604 22:01:30 main:92] Start Game
[I 240604 22:01:30 main:107] Solo Game
[I 240604 22:01:31 main:92] Start Game
[I 240604 22:01:32 main:121] Duo Game
[I 240604 22:01:43 main:78] Home display
[I 240604 22:01:48 main:92] Start Game
[I 240604 22:01:48 main:107] Solo Game
[I 240604 22:01:49 main:92] Start Game
[I 240604 22:01:50 main:121] Duo Game
[E 240604 22:02:03 duo:42] Play Duo Game
[I 240604 22:02:04 main:161] Start Duo Game
[E 240604 22:02:04 duo:42] Play Duo Game
[I 240604 22:02:04 main:161] Start Duo Game
[I 240604 22:06:11 main:78] Home display
[I 240604 22:06:13 main:78] Home display
[I 240604 22:06:18 main:92] Start Game
[I 240604 22:06:18 main:92] Start Game
[I 240604 22:06:19 main:121] Duo Game
[I 240604 22:06:19 main:121] Duo Game
[E 240604 22:06:32 duo:42] Play Duo Game
[E 240604 22:06:32 duo:42] Play Duo Game
[I 240604 22:06:32 main:161] Start Duo Game
[I 240604 22:06:32 main:161] Start Duo Game
[I 240604 22:32:25 main:68] App stopped.
[I 240604 22:32:26 main:68] App stopped.
[I 240605 06:33:41 main:78] Home display
[I 240605 06:33:47 main:78] Home display
[I 240605 06:33:50 main:92] Start Game
[I 240605 06:33:50 main:92] Start Game
[I 240605 06:33:51 main:121] Duo Game
[I 240605 06:33:51 main:121] Duo Game
[E 240605 06:34:09 duo:43] Play Duo Game
[E 240605 06:34:10 duo:43] Play Duo Game
[I 240605 06:34:10 main:161] Start Duo Game
[I 240605 06:34:10 main:161] Start Duo Game
[I 240605 06:35:13 main:68] App stopped.
[I 240605 06:35:17 main:68] App stopped.
[I 240605 06:35:22 main:78] Home display
[I 240605 06:35:23 main:78] Home display
[I 240605 06:35:24 main:92] Start Game
[I 240605 06:35:32 main:92] Start Game
[I 240605 06:35:33 main:121] Duo Game
[I 240605 06:35:34 main:121] Duo Game
[E 240605 06:35:49 duo:44] Play Duo Game
[I 240605 06:35:49 main:161] Start Duo Game
[E 240605 06:35:49 duo:44] Play Duo Game
[I 240605 06:35:50 main:161] Start Duo Game
[I 240605 06:36:32 duo:80] End quiz, score player: 0 (0)
[I 240605 06:36:33 duo:80] End quiz, score player: 0 (0)
[I 240605 06:39:16 main:78] Home display
[I 240605 06:39:17 main:78] Home display
[I 240605 06:39:18 main:92] Start Game
[I 240605 06:39:21 main:121] Duo Game
[I 240605 06:39:27 main:92] Start Game
[I 240605 06:39:28 main:121] Duo Game
[E 240605 06:39:41 duo:44] Play Duo Game
[E 240605 06:39:41 duo:44] Play Duo Game
[I 240605 06:39:42 main:161] Start Duo Game
[I 240605 06:39:42 main:161] Start Duo Game
[I 240605 06:40:12 duo:80] End quiz, score player: 0 (0)
[I 240605 06:40:52 duo:80] End quiz, score player: 0 (0)
[I 240605 06:40:56 duo:80] End quiz, score player: 0 (0)
[I 240605 06:41:05 duo:80] End quiz, score player: 0 (0)
[I 240605 06:41:06 duo:80] End quiz, score player: 0 (0)
[I 240605 06:41:10 duo:80] End quiz, score player: 0 (0)
[I 240605 06:41:13 duo:80] End quiz, score player: 0 (0)
[I 240605 06:41:18 duo:80] End quiz, score player: 0 (0)
[I 240605 06:41:20 duo:80] End quiz, score player: 0 (0)
[I 240605 06:41:24 duo:80] End quiz, score player: 0 (0)
[I 240605 06:41:26 duo:80] End quiz, score player: 0 (0)
[I 240605 06:41:26 duo:80] End quiz, score player: 0 (0)
[I 240605 06:41:31 duo:80] End quiz, score player: 0 (0)
[I 240605 06:41:35 duo:80] End quiz, score player: 0 (0)
[I 240605 06:41:40 duo:80] End quiz, score player: 0 (0)
[I 240605 06:41:40 duo:80] End quiz, score player: 0 (0)
[W 240605 06:41:41 firestore:184] Connection token not found
[I 240605 06:41:42 main:68] App stopped.
[I 240605 06:41:42 duo:80] End quiz, score player: 0 (0)
[I 240605 06:41:43 main:68] App stopped.
[I 240605 06:42:32 main:78] Home display
[I 240605 06:42:37 main:78] Home display
[I 240605 06:42:39 main:92] Start Game
[I 240605 06:42:47 main:92] Start Game
[I 240605 06:42:47 main:121] Duo Game
[I 240605 06:42:48 main:121] Duo Game
[I 240605 06:43:41 main:78] Home display
[I 240605 06:43:42 main:92] Start Game
[I 240605 06:43:43 main:121] Duo Game
[I 240605 06:44:48 main:78] Home display
[I 240605 06:44:53 main:78] Home display
[I 240605 06:44:54 main:92] Start Game
[I 240605 06:45:01 main:121] Duo Game
[I 240605 06:45:04 main:92] Start Game
[I 240605 06:45:04 main:121] Duo Game
[E 240605 06:45:23 duo:44] Play Duo Game
[I 240605 06:45:23 main:161] Start Duo Game
[E 240605 06:45:23 duo:44] Play Duo Game
[I 240605 06:45:23 main:161] Start Duo Game
[I 240605 06:45:45 duo:80] End quiz, score player: 0 (0)
[I 240605 06:45:58 duo:80] End quiz, score player: 0 (0)
[I 240605 06:46:37 duo:80] End quiz, score player: 0 (0)
[I 240605 06:46:37 duo:80] End quiz, score player: 0 (0)
[I 240605 06:46:42 duo:80] End quiz, score player: 0 (0)
[I 240605 06:46:42 duo:80] End quiz, score player: 0 (0)
[I 240605 06:46:43 duo:80] End quiz, score player: 0 (0)
[I 240605 06:46:45 duo:80] End quiz, score player: 0 (0)
[I 240605 06:46:45 duo:80] End quiz, score player: 0 (0)
[I 240605 06:46:55 duo:80] End quiz, score player: 0 (0)
[I 240605 06:46:56 duo:80] End quiz, score player: 0 (0)
[I 240605 06:46:57 duo:80] End quiz, score player: 0 (0)
[I 240605 06:46:58 duo:80] End quiz, score player: 0 (0)
[I 240605 06:46:59 duo:80] End quiz, score player: 0 (0)
[I 240605 06:47:00 duo:80] End quiz, score player: 0 (0)
[I 240605 06:47:01 duo:80] End quiz, score player: 0 (0)
[I 240605 06:47:09 duo:80] End quiz, score player: 0 (0)
[I 240605 06:47:10 duo:80] End quiz, score player: 0 (0)
[I 240605 06:47:11 duo:80] End quiz, score player: 0 (0)
[I 240605 06:47:11 duo:80] End quiz, score player: 0 (0)
[I 240605 06:47:15 duo:80] End quiz, score player: 0 (0)
[I 240605 06:47:28 duo:80] End quiz, score player: 0 (0)
[I 240605 06:47:29 duo:80] End quiz, score player: 0 (0)
[I 240605 06:47:30 duo:80] End quiz, score player: 0 (0)
[I 240605 06:47:32 duo:80] End quiz, score player: 0 (0)
[I 240605 06:47:32 duo:80] End quiz, score player: 0 (0)
[I 240605 06:47:34 duo:80] End quiz, score player: 0 (0)
[I 240605 06:47:34 duo:80] End quiz, score player: 0 (0)
[I 240605 06:47:36 duo:80] End quiz, score player: 0 (0)
[I 240605 06:47:36 duo:80] End quiz, score player: 0 (0)
[I 240605 06:47:37 duo:80] End quiz, score player: 0 (0)
[I 240605 06:47:37 duo:80] End quiz, score player: 0 (0)
[I 240605 06:47:38 duo:80] End quiz, score player: 0 (0)
[I 240605 06:47:38 duo:80] End quiz, score player: 0 (0)
[I 240605 06:47:42 duo:80] End quiz, score player: 0 (0)
[I 240605 06:47:43 duo:80] End quiz, score player: 0 (0)
[I 240605 06:47:45 duo:80] End quiz, score player: 0 (0)
[I 240605 06:47:47 duo:80] End quiz, score player: 0 (0)
[I 240605 06:47:48 duo:80] End quiz, score player: 0 (0)
[I 240605 06:47:58 duo:80] End quiz, score player: 0 (0)
[I 240605 06:48:00 duo:80] End quiz, score player: 0 (0)
[I 240605 06:48:02 duo:80] End quiz, score player: 0 (0)
[I 240605 06:48:16 main:68] App stopped.
[I 240605 06:48:19 main:68] App stopped.
[I 240605 06:49:45 main:78] Home display
[I 240605 06:49:46 main:78] Home display
[I 240605 06:49:47 main:92] Start Game
[I 240605 06:49:48 main:134] Portail Game
[I 240605 06:50:26 main:92] Start Game
[I 240605 06:50:29 main:78] Home display
[I 240605 06:50:35 main:121] Duo Game
[I 240605 06:50:35 main:92] Start Game
[I 240605 06:50:36 main:121] Duo Game
[E 240605 06:50:55 duo:44] Play Duo Game
[I 240605 06:50:55 main:161] Start Duo Game
[E 240605 06:50:55 duo:44] Play Duo Game
[I 240605 06:50:55 main:161] Start Duo Game
[I 240605 06:51:14 duo:80] End quiz, score player: 0 (0)
[I 240605 06:51:27 duo:80] End quiz, score player: 0 (0)
[I 240605 06:53:05 main:78] Home display
[I 240605 06:53:05 main:78] Home display
[I 240605 06:53:19 main:92] Start Game
[I 240605 06:53:20 main:92] Start Game
[I 240605 06:53:20 main:121] Duo Game
[I 240605 06:53:21 main:121] Duo Game
[I 240605 06:53:40 duo:44] Play Duo Game
[I 240605 06:53:41 main:161] Start Duo Game
[I 240605 06:53:41 duo:44] Play Duo Game
[I 240605 06:53:41 main:161] Start Duo Game
[I 240605 06:54:02 duo:80] End quiz, score player: 0 (0)
[I 240605 06:54:57 main:78] Home display
[I 240605 06:55:00 main:78] Home display
[I 240605 06:55:11 main:92] Start Game
[I 240605 06:55:11 main:92] Start Game
[I 240605 06:55:12 main:121] Duo Game
[I 240605 06:55:12 main:121] Duo Game
[I 240605 06:55:28 duo:44] Play Duo Game
[I 240605 06:55:28 main:161] Start Duo Game
[I 240605 06:55:28 duo:44] Play Duo Game
[I 240605 06:55:29 main:161] Start Duo Game
[I 240605 06:55:42 duo:80] End quiz, score player: 0 (0)
[I 240605 06:56:40 main:78] Home display
[I 240605 06:56:41 main:78] Home display
[I 240605 06:56:48 main:92] Start Game
[I 240605 06:56:49 main:92] Start Game
[I 240605 06:56:50 main:121] Duo Game
[I 240605 06:56:50 main:121] Duo Game
[I 240605 06:57:08 duo:44] Play Duo Game
[I 240605 06:57:08 duo:44] Play Duo Game
[I 240605 06:57:08 main:161] Start Duo Game
[I 240605 06:57:08 main:161] Start Duo Game
[I 240605 06:57:09 duo:44] Play Duo Game
[I 240605 06:57:09 main:161] Start Duo Game
[I 240605 06:57:22 duo:80] End quiz, score player: 0 (0)
[I 240605 06:58:14 duo:80] End quiz, score player: 0 (0)
[I 240605 06:58:16 duo:80] End quiz, score player: 0 (0)
[I 240605 06:58:20 duo:80] End quiz, score player: 0 (0)
[I 240605 06:58:29 main:68] App stopped.
[I 240605 06:58:30 main:68] App stopped.
[I 240605 07:01:00 main:78] Home display
[I 240605 07:01:04 main:78] Home display
[I 240605 07:01:09 main:92] Start Game
[I 240605 07:01:09 main:92] Start Game
[I 240605 07:01:10 main:121] Duo Game
[I 240605 07:01:10 main:121] Duo Game
[I 240605 07:01:32 duo:44] Play Duo Game
[I 240605 07:01:33 main:161] Start Duo Game
[I 240605 07:01:33 duo:44] Play Duo Game
[I 240605 07:01:33 main:161] Start Duo Game
[I 240605 07:01:59 duo:80] End quiz, score player: 0 (0)
[I 240605 07:02:07 duo:80] End quiz, score player: 0 (0)
[I 240605 07:02:35 duo:80] End quiz, score player: 0 (0)
[I 240605 07:02:37 duo:80] End quiz, score player: 0 (0)
[I 240605 07:02:40 duo:80] End quiz, score player: 0 (0)
[I 240605 07:02:41 duo:80] End quiz, score player: 0 (0)
[I 240605 07:02:43 duo:80] End quiz, score player: 0 (0)
[I 240605 07:02:45 duo:80] End quiz, score player: 0 (0)
[I 240605 07:02:52 duo:80] End quiz, score player: 0 (0)
[I 240605 07:02:52 duo:80] End quiz, score player: 0 (0)
[I 240605 07:02:54 duo:80] End quiz, score player: 0 (0)
[I 240605 07:02:56 duo:80] End quiz, score player: 0 (0)
[I 240605 07:03:09 duo:80] End quiz, score player: 0 (0)
[I 240605 07:03:09 duo:80] End quiz, score player: 0 (0)
[I 240605 07:03:13 duo:80] End quiz, score player: 0 (0)
[I 240605 07:03:14 duo:80] End quiz, score player: 0 (0)
[I 240605 07:03:16 duo:80] End quiz, score player: 0 (0)
[I 240605 07:03:17 main:68] App stopped.
[I 240605 07:03:18 duo:80] End quiz, score player: 0 (0)
[I 240605 07:03:20 main:68] App stopped.
[I 240605 07:06:07 main:78] Home display
[I 240605 07:06:15 main:78] Home display
[I 240605 07:06:16 main:92] Start Game
[I 240605 07:06:22 main:121] Duo Game
[I 240605 07:06:23 main:92] Start Game
[I 240605 07:06:24 main:121] Duo Game
[I 240605 07:06:38 duo:45] Play Duo Game
[I 240605 07:06:38 main:161] Start Duo Game
[I 240605 07:06:38 duo:45] Play Duo Game
[I 240605 07:06:39 main:161] Start Duo Game
[I 240605 07:06:56 duo:82] End quiz, score player: 0 (0)
[I 240605 07:07:06 duo:82] End quiz, score player: 0 (0)
[I 240605 07:07:47 duo:82] End quiz, score player: 0 (0)
[I 240605 07:07:48 duo:82] End quiz, score player: 0 (0)
[I 240605 07:07:51 main:68] App stopped.
[I 240605 07:07:53 duo:82] End quiz, score player: 0 (0)
[W 240605 07:07:54 firestore:184] Connection token not found
[I 240605 07:07:54 duo:82] End quiz, score player: 0 (0)
[I 240605 07:07:55 duo:82] End quiz, score player: 0 (0)
[I 240605 07:07:56 main:68] App stopped.
[I 240605 09:18:45 main:78] Home display
[I 240605 09:18:45 main:78] Home display
[I 240605 09:18:59 main:92] Start Game
[I 240605 09:19:00 main:92] Start Game
[I 240605 09:19:01 main:121] Duo Game
[I 240605 09:19:01 main:121] Duo Game
[I 240605 09:19:26 duo:45] Play Duo Game
[I 240605 09:19:26 duo:45] Play Duo Game
[I 240605 09:19:26 main:161] Start Duo Game
[I 240605 09:19:26 main:161] Start Duo Game
[I 240605 09:19:49 duo:83] End quiz, score player: 0 (0)
[I 240605 09:20:14 duo:83] End quiz, score player: 0 (0)
[I 240605 09:20:14 duo:83] End quiz, score player: 0 (0)
[I 240605 09:22:10 main:68] App stopped.
[I 240605 09:22:14 main:68] App stopped.
[I 240605 09:22:18 main:78] Home display
[I 240605 09:22:20 main:78] Home display
[I 240605 09:22:20 main:92] Start Game
[I 240605 09:22:27 main:92] Start Game
[I 240605 09:22:28 main:121] Duo Game
[I 240605 09:22:28 main:121] Duo Game
[I 240605 09:22:49 duo:45] Play Duo Game
[I 240605 09:22:50 duo:45] Play Duo Game
[I 240605 09:22:50 main:161] Start Duo Game
[I 240605 09:22:50 main:161] Start Duo Game
[I 240605 09:23:33 duo:83] End quiz, score player: 0 (0)
[I 240605 09:23:54 main:68] App stopped.
[I 240605 09:23:56 main:68] App stopped.
[I 240605 09:24:01 main:78] Home display
[I 240605 09:24:02 main:78] Home display
[I 240605 09:24:10 main:92] Start Game
[I 240605 09:24:10 main:92] Start Game
[I 240605 09:24:11 main:121] Duo Game
[I 240605 09:24:11 main:121] Duo Game
[I 240605 09:24:24 duo:45] Play Duo Game
[I 240605 09:24:24 main:161] Start Duo Game
[I 240605 09:24:24 duo:45] Play Duo Game
[I 240605 09:24:24 main:161] Start Duo Game
[I 240605 09:24:37 duo:83] End quiz, score player: 0 (0)
[I 240605 09:24:37 duo:83] End quiz, score player: 0 (0)
[I 240605 09:25:00 duo:83] End quiz, score player: 0 (0)
[I 240605 09:26:38 main:78] Home display
[I 240605 09:26:38 main:78] Home display
[I 240605 09:26:40 main:92] Start Game
[I 240605 09:26:41 main:121] Duo Game
[I 240605 09:26:49 main:92] Start Game
[I 240605 09:26:49 main:121] Duo Game
[I 240605 09:27:04 duo:45] Play Duo Game
[I 240605 09:27:04 main:161] Start Duo Game
[I 240605 09:27:04 duo:45] Play Duo Game
[I 240605 09:27:05 main:161] Start Duo Game
[I 240605 09:27:24 duo:83] End quiz, score player: 0 (0)
[I 240605 09:27:50 duo:83] End quiz, score player: 0 (0)
[I 240605 09:29:22 main:68] App stopped.
[I 240605 09:29:24 main:68] App stopped.
[I 240605 09:29:35 main:78] Home display
[I 240605 09:29:35 main:78] Home display
[I 240605 09:29:46 main:92] Start Game
[I 240605 09:29:47 main:92] Start Game
[I 240605 09:29:48 main:121] Duo Game
[I 240605 09:29:48 main:121] Duo Game
[I 240605 09:30:04 duo:45] Play Duo Game
[I 240605 09:30:04 main:161] Start Duo Game
[I 240605 09:30:04 duo:45] Play Duo Game
[I 240605 09:30:04 main:161] Start Duo Game
[I 240605 09:30:23 duo:83] End quiz, score player: 0 (0)
[I 240605 09:30:39 duo:83] End quiz, score player: 0 (0)
[I 240605 09:50:09 main:78] Home display
[I 240605 09:50:10 main:78] Home display
[I 240605 09:50:16 main:92] Start Game
[I 240605 09:50:17 main:92] Start Game
[I 240605 09:50:17 main:121] Duo Game
[I 240605 09:50:18 main:121] Duo Game
[I 240605 09:50:31 duo:44] Play Duo Game
[I 240605 09:50:31 duo:44] Play Duo Game
[I 240605 09:50:31 main:161] Start Duo Game
[I 240605 09:50:32 main:161] Start Duo Game
[I 240605 09:51:17 duo:80] End quiz, score player: 0 (0)
[I 240605 09:51:24 duo:80] End quiz, score player: 0 (0)
[I 240605 15:08:46 main:78] Home display
[I 240605 15:08:46 main:78] Home display
[I 240605 15:08:54 main:92] Start Game
[I 240605 15:08:55 main:92] Start Game
[I 240605 15:08:56 main:121] Duo Game
[I 240605 15:08:56 main:121] Duo Game
[I 240605 15:09:12 duo:44] Play Duo Game
[I 240605 15:09:12 main:161] Start Duo Game
[I 240605 15:09:12 duo:44] Play Duo Game
[I 240605 15:09:13 main:161] Start Duo Game
[I 240605 15:09:38 duo:80] End quiz, score player: 0 (0)
[I 240605 15:10:00 duo:80] End quiz, score player: 0 (0)
[I 240605 15:10:32 main:68] App stopped.
[I 240605 15:10:36 main:68] App stopped.
[I 240605 16:52:43 main:78] Home display
[I 240605 16:52:43 main:92] Start Game
[I 240605 16:52:44 main:107] Solo Game
[I 240605 16:52:47 solo:41] Play Solo Game
[I 240605 16:52:47 main:148] Start Solo Game
[I 240605 16:53:07 main:78] Home display
[I 240605 16:53:07 main:92] Start Game
[I 240605 16:53:08 main:107] Solo Game
[I 240605 16:53:18 main:78] Home display
[I 240605 16:53:19 main:92] Start Game
[I 240605 16:53:19 main:107] Solo Game
[I 240605 17:33:14 main:78] Home display
[I 240605 17:33:24 main:78] Home display
[I 240605 17:33:56 main:92] Start Game
[I 240605 17:33:59 main:121] Duo Game
[I 240605 17:34:02 main:92] Start Game
[I 240605 17:34:03 main:121] Duo Game
[I 240605 17:34:24 duo:44] Play Duo Game
[I 240605 17:34:24 main:161] Start Duo Game
[I 240605 17:34:24 duo:44] Play Duo Game
[I 240605 17:34:24 main:161] Start Duo Game
[I 240605 17:38:51 duo:80] End quiz, score player: 4 (20)
[I 240605 17:38:55 duo:80] End quiz, score player: 6 (30)
[I 240605 17:40:25 main:78] Home display
[I 240605 17:40:27 main:78] Home display
[I 240605 17:40:27 main:92] Start Game
[I 240605 17:40:28 main:121] Duo Game
[I 240605 17:40:36 main:92] Start Game
[I 240605 17:40:38 main:121] Duo Game
[I 240605 17:41:11 duo:44] Play Duo Game
[I 240605 17:41:11 duo:44] Play Duo Game
[I 240605 17:41:11 main:161] Start Duo Game
[I 240605 17:41:11 main:161] Start Duo Game
[I 240605 17:41:49 main:78] Home display
[I 240605 17:41:51 main:78] Home display
[I 240605 17:41:58 main:92] Start Game
[I 240605 17:41:58 main:92] Start Game
[I 240605 17:41:59 main:121] Duo Game
[I 240605 17:42:00 main:121] Duo Game
[I 240605 17:42:10 duo:44] Play Duo Game
[I 240605 17:42:10 main:161] Start Duo Game
[I 240605 17:42:10 duo:44] Play Duo Game
[I 240605 17:42:10 main:161] Start Duo Game
[I 240605 17:43:26 duo:80] End quiz, score player: 4 (20)
[I 240605 17:43:29 duo:80] End quiz, score player: 2 (10)
[I 240605 17:44:13 main:78] Home display
[I 240605 17:44:16 main:78] Home display
[I 240605 17:44:17 main:92] Start Game
[I 240605 17:44:21 main:92] Start Game
[I 240605 17:44:21 main:121] Duo Game
[I 240605 17:44:22 main:121] Duo Game
[I 240605 17:44:34 duo:44] Play Duo Game
[I 240605 17:44:34 main:161] Start Duo Game
[I 240605 17:44:34 duo:44] Play Duo Game
[I 240605 17:44:35 main:161] Start Duo Game
[I 240605 17:45:04 duo:80] End quiz, score player: 6 (30)
[I 240605 17:45:20 duo:80] End quiz, score player: 2 (10)
[I 240605 17:45:21 duo:80] End quiz, score player: 2 (10)
[I 240605 17:48:51 main:68] App stopped.
[I 240605 17:48:55 main:68] App stopped.
[I 240605 17:48:59 main:78] Home display
[I 240605 17:49:01 main:78] Home display
[I 240605 17:49:08 main:92] Start Game
[I 240605 17:49:08 main:92] Start Game
[I 240605 17:49:09 main:121] Duo Game
[I 240605 17:49:09 main:121] Duo Game
[I 240605 17:49:21 duo:44] Play Duo Game
[I 240605 17:49:22 main:161] Start Duo Game
[I 240605 17:49:22 duo:44] Play Duo Game
[I 240605 17:49:22 main:161] Start Duo Game
[I 240605 17:49:45 duo:80] End quiz, score player: 2 (10)
[I 240605 17:49:52 duo:80] End quiz, score player: 0 (0)
[I 240605 17:50:49 main:92] Start Game
[I 240605 17:50:55 main:92] Start Game
[I 240605 17:53:25 main:78] Home display
[I 240605 17:53:25 main:78] Home display
[I 240605 17:53:27 main:92] Start Game
[I 240605 17:53:28 main:107] Solo Game
[I 240605 17:53:38 solo:41] Play Solo Game
[I 240605 17:53:38 main:148] Start Solo Game
[I 240605 17:53:40 solo:77] End quiz, score player: 0 (0 %)
[I 240605 17:54:21 main:68] App stopped.
[I 240605 17:54:24 main:92] Start Game
[I 240605 17:54:30 main:78] Home display
[I 240605 17:54:31 main:92] Start Game
[I 240605 17:54:31 main:107] Solo Game
[I 240605 17:54:32 solo:41] Play Solo Game
[I 240605 17:54:32 main:148] Start Solo Game
[I 240605 17:54:34 solo:77] End quiz, score player: 0 (0 %)
[I 240605 17:54:44 main:92] Start Game
[I 240605 17:54:45 main:134] Portail Game
[I 240605 17:54:51 portail:36] Play Portail Game
[I 240605 17:54:51 main:174] Start Portail Game
[I 240605 17:55:06 main:92] Start Game
[I 240605 17:55:09 main:121] Duo Game
[I 240605 17:55:10 main:92] Start Game
[I 240605 17:56:27 main:78] Home display
[I 240605 17:56:30 main:78] Home display
[I 240605 17:56:31 main:92] Start Game
[I 240605 17:56:35 main:121] Duo Game
[I 240605 17:56:42 main:92] Start Game
[I 240605 17:56:43 main:107] Solo Game
[I 240605 17:56:44 main:92] Start Game
[I 240605 17:56:45 main:121] Duo Game
[I 240605 17:56:57 duo:44] Play Duo Game
[I 240605 17:56:57 main:161] Start Duo Game
[I 240605 17:56:58 duo:44] Play Duo Game
[I 240605 17:56:58 main:161] Start Duo Game
[I 240605 17:57:40 duo:80] End quiz, score player: 4 (20 %)
[I 240605 17:57:41 duo:80] End quiz, score player: 3 (15 %)
[I 240605 17:57:55 main:92] Start Game
[I 240605 17:57:57 main:92] Start Game
[I 240605 18:00:48 main:78] Home display
[I 240605 18:00:51 main:92] Start Game
[I 240605 18:00:51 main:107] Solo Game
[I 240605 18:00:52 solo:41] Play Solo Game
[I 240605 18:00:52 main:148] Start Solo Game
[I 240605 18:00:55 solo:77] End quiz, score player: 0 (0 %)
[I 240605 18:01:03 main:78] Home display
[I 240605 18:01:04 main:92] Start Game
[I 240605 18:01:04 main:107] Solo Game
[I 240605 18:01:05 solo:41] Play Solo Game
[I 240605 18:01:05 main:148] Start Solo Game
[I 240605 18:01:09 solo:77] End quiz, score player: 0 (0 %)
[I 240605 18:01:11 main:92] Start Game
[I 240605 18:01:11 main:107] Solo Game
[I 240605 18:01:13 solo:41] Play Solo Game
[I 240605 18:01:13 main:148] Start Solo Game
[I 240605 18:01:36 solo:77] End quiz, score player: 4 (80 %)
[I 240605 18:03:23 main:92] Start Game
[I 240605 18:03:23 main:107] Solo Game
[I 240605 18:03:24 solo:41] Play Solo Game
[I 240605 18:03:24 main:148] Start Solo Game
[I 240605 18:03:45 solo:77] End quiz, score player: 3 (60 %)
[I 240605 18:04:05 main:92] Start Game
[I 240605 18:04:06 main:107] Solo Game
[I 240605 18:04:06 solo:41] Play Solo Game
[I 240605 18:04:06 main:148] Start Solo Game
[I 240605 18:04:10 solo:77] End quiz, score player: 0 (0 %)
[I 240605 18:04:32 main:92] Start Game
[I 240605 18:04:32 main:107] Solo Game
[I 240605 18:04:33 solo:41] Play Solo Game
[I 240605 18:04:33 main:148] Start Solo Game
[I 240605 18:04:52 solo:77] End quiz, score player: 3 (60 %)
[I 240605 18:04:57 main:92] Start Game
[I 240605 18:04:57 main:107] Solo Game
[I 240605 18:04:58 solo:41] Play Solo Game
[I 240605 18:04:58 main:148] Start Solo Game
[I 240605 18:05:10 solo:77] End quiz, score player: 4 (80 %)
[I 240605 18:07:01 main:78] Home display
[I 240605 18:07:02 main:92] Start Game
[I 240605 18:07:03 main:107] Solo Game
[I 240605 18:07:03 solo:41] Play Solo Game
[I 240605 18:07:03 main:148] Start Solo Game
[I 240605 18:07:13 solo:77] End quiz, score player: 5 (100 %)
[I 240605 18:08:02 main:78] Home display
[I 240605 18:08:03 main:92] Start Game
[I 240605 18:08:04 main:121] Duo Game
[I 240605 18:08:05 main:92] Start Game
[I 240605 18:08:05 main:107] Solo Game
[I 240605 18:08:06 solo:41] Play Solo Game
[I 240605 18:08:06 main:148] Start Solo Game
[I 240605 18:08:16 solo:77] End quiz, score player: 3 (60 %)
[I 240605 18:08:22 main:92] Start Game
[I 240605 18:08:23 main:107] Solo Game
[I 240605 18:08:24 solo:41] Play Solo Game
[I 240605 18:08:24 main:148] Start Solo Game
[I 240605 18:08:26 solo:77] End quiz, score player: 0 (0 %)
[I 240605 18:08:28 main:92] Start Game
[I 240605 18:08:29 main:107] Solo Game
[I 240605 18:08:30 solo:41] Play Solo Game
[I 240605 18:08:30 main:148] Start Solo Game
[I 240605 18:08:49 solo:77] End quiz, score player: 4 (80 %)
[I 240605 18:09:03 main:92] Start Game
[I 240605 18:17:18 main:78] Home display
[I 240605 18:17:22 main:92] Start Game
[I 240605 18:18:33 main:78] Home display
[I 240605 18:18:34 main:92] Start Game
[I 240605 18:18:35 main:107] Solo Game
[I 240605 18:18:38 main:92] Start Game
[I 240605 18:18:38 main:121] Duo Game
[I 240605 18:18:39 main:92] Start Game
[I 240605 18:18:39 main:134] Portail Game
[I 240605 18:18:43 main:92] Start Game
[I 240605 18:19:31 main:78] Home display
[I 240605 18:19:32 main:92] Start Game
[I 240605 18:19:35 main:134] Portail Game
[I 240605 18:19:35 main:92] Start Game
[I 240605 18:19:36 main:78] Home display
[I 240605 18:19:37 main:92] Start Game
[I 240605 18:19:38 main:78] Home display
[I 240605 18:27:56 main:78] Home display
[I 240605 18:27:59 main:92] Start Game
[I 240605 18:28:00 main:134] Portail Game
[I 240605 18:28:04 portail:36] Play Portail Game
[I 240605 18:28:04 main:174] Start Portail Game
[I 240605 18:28:13 main:78] Home display
[I 240605 18:28:14 main:92] Start Game
[I 240605 18:28:14 main:107] Solo Game
[I 240605 18:28:15 main:92] Start Game
[I 240605 18:28:16 main:134] Portail Game
[I 240605 18:28:22 portail:36] Play Portail Game
[I 240605 18:28:22 main:174] Start Portail Game
[I 240605 18:28:27 main:78] Home display
[I 240605 18:28:28 main:92] Start Game
[I 240605 18:28:28 main:107] Solo Game
[I 240605 18:28:29 solo:41] Play Solo Game
[I 240605 18:28:29 main:148] Start Solo Game
[I 240605 18:28:33 solo:77] End quiz, score player: 0 (0 %)
[I 240605 18:28:34 main:92] Start Game
[I 240605 18:28:35 main:107] Solo Game
[I 240605 18:28:35 solo:41] Play Solo Game
[I 240605 18:28:35 main:148] Start Solo Game
[I 240605 18:28:56 main:78] Home display
[I 240605 18:28:57 main:92] Start Game
[I 240605 18:28:57 main:121] Duo Game
[I 240605 18:28:59 duo:44] Play Duo Game
[I 240605 18:28:59 main:161] Start Duo Game
[I 240605 19:21:12 main:80] Home display
[I 240605 19:21:25 main:80] Home display
[I 240605 19:21:29 main:93] Start Game
[I 240605 19:21:30 main:93] Start Game
[I 240605 19:21:31 main:80] Home display
[I 240605 19:21:33 main:93] Start Game
[I 240605 19:21:35 main:122] Duo Game
[I 240605 19:21:35 main:122] Duo Game
[I 240605 19:21:50 duo:44] Play Duo Game
[I 240605 19:21:50 main:162] Start Duo Game
[I 240605 19:21:50 duo:44] Play Duo Game
[I 240605 19:21:50 main:162] Start Duo Game
[I 240605 19:22:04 duo:80] End quiz, score player: 0 (0 %)
[I 240605 19:22:28 duo:80] End quiz, score player: 2 (10 %)
[I 240605 19:22:34 main:93] Start Game
[I 240605 19:22:35 main:93] Start Game
[I 240605 21:15:42 main:80] Home display
[I 240605 21:15:55 main:93] Start Game
[I 240605 21:15:56 main:108] Solo Game
[I 240605 21:15:57 solo:41] Play Solo Game
[I 240605 21:15:57 main:149] Start Solo Game
[I 240605 21:16:29 solo:77] End quiz, score player: 1 (5 %)
[I 240605 21:24:18 main:80] Home display
[I 240605 21:24:22 main:93] Start Game
[I 240605 21:24:22 main:108] Solo Game
[I 240605 21:24:23 solo:41] Play Solo Game
[I 240605 21:24:23 main:149] Start Solo Game
[I 240605 21:24:25 solo:77] End quiz, score player: 0 (0 %)
[I 240605 21:24:28 main:93] Start Game
[I 240605 21:24:28 main:135] Portail Game
[I 240605 21:24:30 main:93] Start Game
[I 240605 21:24:30 main:122] Duo Game
[I 240605 21:24:31 main:93] Start Game
[I 240605 21:24:34 main:80] Home display
[I 240605 21:36:04 main:80] Home display
[I 240605 21:36:05 main:93] Start Game
[I 240605 21:36:06 main:108] Solo Game
[I 240605 21:36:07 solo:41] Play Solo Game
[I 240605 21:36:07 main:149] Start Solo Game
[I 240605 21:36:14 main:80] Home display
[I 240605 21:36:15 main:93] Start Game
[I 240605 21:36:16 main:135] Portail Game
[I 240605 21:36:21 portail:36] Play Portail Game
[I 240605 21:36:21 main:175] Start Portail Game
[I 240606 09:51:53 main:80] Home display
[I 240606 09:51:55 main:93] Start Game
[I 240606 09:51:56 main:108] Solo Game
[I 240606 09:52:00 solo:41] Play Solo Game
[I 240606 09:52:00 main:149] Start Solo Game
[I 240606 10:00:02 solo:77] End quiz, score player: 7 (35 %)
[I 240606 10:00:54 main:93] Start Game
[I 240606 10:02:22 main:80] Home display
